<?xml version="1.0" encoding="UTF-8"?>
<testsuite name="Utest User Registration" tests="1" skipped="0" failures="0" errors="0" timestamp="2021-12-04T15:18:14" hostname="DESKTOP-VMTNSME" time="21.63">
  <properties/>
  <testcase name="Register on Utest" classname="Utest User Registration" time="21.63"/>
  <system-out><![CDATA[]]></system-out>
  <system-err><![CDATA[[Test worker] WARN net.thucydides.core.steps.BaseStepListener - stepStarted: net.thucydides.core.steps.ExecutedStepDescription@79a8a26b
[Test worker] WARN net.thucydides.core.steps.BaseStepListener - stepStarted: net.thucydides.core.steps.ExecutedStepDescription@32d290fb
[Test worker] WARN net.thucydides.core.steps.BaseStepListener - stepStarted: net.thucydides.core.steps.ExecutedStepDescription@4e46725e
dic 04, 2021 10:18:15 AM org.openqa.selenium.remote.DesiredCapabilities chrome
INFORMACIÓN: Using `new ChromeOptions()` is preferred to `DesiredCapabilities.chrome()`
[Test worker] INFO net.serenitybdd.core.webdriver.driverproviders.ProvideNewDriver - Instantiating driver
[Test worker] INFO net.serenitybdd.core.webdriver.driverproviders.ProvideNewDriver - Driver capabilities: Capabilities {acceptInsecureCerts: false, browserName: chrome, chrome.switches: --start-maximized, goog:chromeOptions: {args: [--start-maximized], extensions: []}, loggingPrefs: org.openqa.selenium.logging..., platform: ANY, version: }
Starting ChromeDriver 96.0.4664.45 (76e4c1bb2ab4671b8beba3444e61c0f17584b2fc-refs/branch-heads/4664@{#947}) on port 23200
Only local connections are allowed.
Please see https://chromedriver.chromium.org/security-considerations for suggestions on keeping ChromeDriver safe.
ChromeDriver was started successfully.
dic 04, 2021 10:18:18 AM org.openqa.selenium.remote.ProtocolHandshake createSession
INFORMACIÓN: Detected dialect: W3C
[Test worker] WARN net.thucydides.core.steps.BaseStepListener - stepFinished: current outcome:Register on Utest:Given the Utest website we look for the Join Today registration
| strFirstName | strLastName |
| Mario | Gonzalez | [Utest open up [Utest opens the Choucair utest page]]
[Test worker] WARN net.thucydides.core.steps.BaseStepListener - stepFinished: current outcome:Register on Utest:Given the Utest website we look for the Join Today registration
| strFirstName | strLastName |
| Mario | Gonzalez | [Utest open up [Utest opens the Choucair utest page]]
[Test worker] WARN net.thucydides.core.steps.BaseStepListener - stepFinished: current outcome:Register on Utest:Given the Utest website we look for the Join Today registration
| strFirstName | strLastName |
| Mario | Gonzalez | [Utest open up [Utest opens the Choucair utest page]]
[Test worker] WARN net.thucydides.core.steps.BaseStepListener - stepStarted: net.thucydides.core.steps.ExecutedStepDescription@2b622651
[Test worker] WARN net.thucydides.core.steps.BaseStepListener - stepStarted: net.thucydides.core.steps.ExecutedStepDescription@49078830
[Test worker] WARN net.thucydides.core.steps.BaseStepListener - stepStarted: net.thucydides.core.steps.ExecutedStepDescription@51fd6587
[Test worker] WARN net.thucydides.core.steps.BaseStepListener - stepFinished: current outcome:Register on Utest:Given the Utest website we look for the Join Today registration
| strFirstName | strLastName |
| Mario | Gonzalez | [Utest open up [Utest opens the Choucair utest page]], When you enter this section you fill in the required information and save
| strFirstName | strLastName |
| Mario | Gonzalez | [Utest register [Utest clicks on Button that us the form to register]]
[Test worker] WARN net.thucydides.core.steps.BaseStepListener - stepStarted: net.thucydides.core.steps.ExecutedStepDescription@8fe75eb
[Test worker] WARN net.thucydides.core.steps.BaseStepListener - stepFinished: current outcome:Register on Utest:Given the Utest website we look for the Join Today registration
| strFirstName | strLastName |
| Mario | Gonzalez | [Utest open up [Utest opens the Choucair utest page]], When you enter this section you fill in the required information and save
| strFirstName | strLastName |
| Mario | Gonzalez | [Utest register [Utest clicks on Button that us the form to register, Utest enters 'Mario' into Where do we write the first name]]
[Test worker] WARN net.thucydides.core.steps.BaseStepListener - stepStarted: net.thucydides.core.steps.ExecutedStepDescription@60410cad
[Test worker] WARN net.thucydides.core.steps.BaseStepListener - stepFinished: current outcome:Register on Utest:Given the Utest website we look for the Join Today registration
| strFirstName | strLastName |
| Mario | Gonzalez | [Utest open up [Utest opens the Choucair utest page]], When you enter this section you fill in the required information and save
| strFirstName | strLastName |
| Mario | Gonzalez | [Utest register [Utest clicks on Button that us the form to register, Utest enters 'Mario' into Where do we write the first name, Utest enters 'Gonzalez' into Where do we write the last name]]
[Test worker] WARN net.thucydides.core.steps.BaseStepListener - stepFinished: current outcome:Register on Utest:Given the Utest website we look for the Join Today registration
| strFirstName | strLastName |
| Mario | Gonzalez | [Utest open up [Utest opens the Choucair utest page]], When you enter this section you fill in the required information and save
| strFirstName | strLastName |
| Mario | Gonzalez | [Utest register [Utest clicks on Button that us the form to register, Utest enters 'Mario' into Where do we write the first name, Utest enters 'Gonzalez' into Where do we write the last name]]
[Test worker] WARN net.thucydides.core.steps.BaseStepListener - stepFinished: current outcome:Register on Utest:Given the Utest website we look for the Join Today registration
| strFirstName | strLastName |
| Mario | Gonzalez | [Utest open up [Utest opens the Choucair utest page]], When you enter this section you fill in the required information and save
| strFirstName | strLastName |
| Mario | Gonzalez | [Utest register [Utest clicks on Button that us the form to register, Utest enters 'Mario' into Where do we write the first name, Utest enters 'Gonzalez' into Where do we write the last name]]
[Test worker] WARN net.thucydides.core.steps.BaseStepListener - stepStarted: net.thucydides.core.steps.ExecutedStepDescription@6be8be9c
[Test worker] WARN net.thucydides.core.steps.BaseStepListener - stepStarted: net.thucydides.core.steps.ExecutedStepDescription@41fafe75
[Test worker] WARN net.thucydides.core.steps.BaseStepListener - stepStarted: net.thucydides.core.steps.ExecutedStepDescription@49ed0cf3
[Test worker] WARN net.thucydides.core.steps.BaseStepListener - stepFinished: current outcome:Register on Utest:Given the Utest website we look for the Join Today registration
| strFirstName | strLastName |
| Mario | Gonzalez | [Utest open up [Utest opens the Choucair utest page]], When you enter this section you fill in the required information and save
| strFirstName | strLastName |
| Mario | Gonzalez | [Utest register [Utest clicks on Button that us the form to register, Utest enters 'Mario' into Where do we write the first name, Utest enters 'Gonzalez' into Where do we write the last name]], Then this stores the user to then be able to access and use the services of the platform
| strFirstName | strLastName |
| Mario | Gonzalez | [Utest return home [Utest opens the Choucair home page]]
[Test worker] WARN net.thucydides.core.steps.BaseStepListener - stepFinished: current outcome:Register on Utest:Given the Utest website we look for the Join Today registration
| strFirstName | strLastName |
| Mario | Gonzalez | [Utest open up [Utest opens the Choucair utest page]], When you enter this section you fill in the required information and save
| strFirstName | strLastName |
| Mario | Gonzalez | [Utest register [Utest clicks on Button that us the form to register, Utest enters 'Mario' into Where do we write the first name, Utest enters 'Gonzalez' into Where do we write the last name]], Then this stores the user to then be able to access and use the services of the platform
| strFirstName | strLastName |
| Mario | Gonzalez | [Utest return home [Utest opens the Choucair home page]]
[Test worker] WARN net.thucydides.core.steps.BaseStepListener - stepFinished: current outcome:Register on Utest:Given the Utest website we look for the Join Today registration
| strFirstName | strLastName |
| Mario | Gonzalez | [Utest open up [Utest opens the Choucair utest page]], When you enter this section you fill in the required information and save
| strFirstName | strLastName |
| Mario | Gonzalez | [Utest register [Utest clicks on Button that us the form to register, Utest enters 'Mario' into Where do we write the first name, Utest enters 'Gonzalez' into Where do we write the last name]], Then this stores the user to then be able to access and use the services of the platform
| strFirstName | strLastName |
| Mario | Gonzalez | [Utest return home [Utest opens the Choucair home page]]
[Test worker] WARN net.thucydides.core.steps.BaseStepListener - testFinished: Register on Utest:Given the Utest website we look for the Join Today registration
| strFirstName | strLastName |
| Mario | Gonzalez | [Utest open up [Utest opens the Choucair utest page]], When you enter this section you fill in the required information and save
| strFirstName | strLastName |
| Mario | Gonzalez | [Utest register [Utest clicks on Button that us the form to register, Utest enters 'Mario' into Where do we write the first name, Utest enters 'Gonzalez' into Where do we write the last name]], Then this stores the user to then be able to access and use the services of the platform
| strFirstName | strLastName |
| Mario | Gonzalez | [Utest return home [Utest opens the Choucair home page]]
[Test worker] WARN net.thucydides.core.steps.BaseStepListener - TestOutcomes: [Register on Utest:Given the Utest website we look for the Join Today registration
| strFirstName | strLastName |
| Mario | Gonzalez | [Utest open up [Utest opens the Choucair utest page]], When you enter this section you fill in the required information and save
| strFirstName | strLastName |
| Mario | Gonzalez | [Utest register [Utest clicks on Button that us the form to register, Utest enters 'Mario' into Where do we write the first name, Utest enters 'Gonzalez' into Where do we write the last name]], Then this stores the user to then be able to access and use the services of the platform
| strFirstName | strLastName |
| Mario | Gonzalez | [Utest return home [Utest opens the Choucair home page]]]
[Test worker] WARN net.thucydides.core.steps.BaseStepListener - Final testOutcomes: [Register on Utest:Given the Utest website we look for the Join Today registration
| strFirstName | strLastName |
| Mario | Gonzalez | [Utest open up [Utest opens the Choucair utest page]], When you enter this section you fill in the required information and save
| strFirstName | strLastName |
| Mario | Gonzalez | [Utest register [Utest clicks on Button that us the form to register, Utest enters 'Mario' into Where do we write the first name, Utest enters 'Gonzalez' into Where do we write the last name]], Then this stores the user to then be able to access and use the services of the platform
| strFirstName | strLastName |
| Mario | Gonzalez | [Utest return home [Utest opens the Choucair home page]]]
[Test worker] INFO net.thucydides.core.steps.ConsoleLoggingListener - 
        __    _____ _____ ____ _____   ____   _    ____  ____  _____ ____  
  _     \ \  |_   _| ____/ ___|_   _| |  _ \ / \  / ___|/ ___|| ____|  _ \ 
 (_)_____| |   | | |  _| \___ \ | |   | |_) / _ \ \___ \\___ \|  _| | | | |
  _|_____| |   | | | |___ ___) || |   |  __/ ___ \ ___) |___) | |___| |_| |
 (_)     | |   |_| |_____|____/ |_|   |_| /_/   \_\____/|____/|_____|____/ 
        /_/                                                                

TEST PASSED: Register on Utest
----------------------------------------------------------------------------
]]></system-err>
</testsuite>
