<?xml version="1.0" encoding="UTF-8"?>
<testsuite name="Utest User Registration" tests="1" skipped="0" failures="0" errors="0" timestamp="2021-12-04T02:47:01" hostname="DESKTOP-VMTNSME" time="32.771">
  <properties/>
  <testcase name="Register on Utest" classname="Utest User Registration" time="32.771"/>
  <system-out><![CDATA[]]></system-out>
  <system-err><![CDATA[[Test worker] WARN net.thucydides.core.steps.BaseStepListener - stepStarted: net.thucydides.core.steps.ExecutedStepDescription@726a588d
[Test worker] WARN net.thucydides.core.steps.BaseStepListener - stepStarted: net.thucydides.core.steps.ExecutedStepDescription@4162a049
[Test worker] WARN net.thucydides.core.steps.BaseStepListener - stepStarted: net.thucydides.core.steps.ExecutedStepDescription@3788f3f3
dic 03, 2021 9:47:02 PM org.openqa.selenium.remote.DesiredCapabilities chrome
INFORMACIÓN: Using `new ChromeOptions()` is preferred to `DesiredCapabilities.chrome()`
[Test worker] INFO net.serenitybdd.core.webdriver.driverproviders.ProvideNewDriver - Instantiating driver
[Test worker] INFO net.serenitybdd.core.webdriver.driverproviders.ProvideNewDriver - Driver capabilities: Capabilities {acceptInsecureCerts: false, browserName: chrome, chrome.switches: --start-maximized, goog:chromeOptions: {args: [--start-maximized], extensions: []}, loggingPrefs: org.openqa.selenium.logging..., platform: ANY, version: }
Starting ChromeDriver 96.0.4664.45 (76e4c1bb2ab4671b8beba3444e61c0f17584b2fc-refs/branch-heads/4664@{#947}) on port 33867
Only local connections are allowed.
Please see https://chromedriver.chromium.org/security-considerations for suggestions on keeping ChromeDriver safe.
ChromeDriver was started successfully.
dic 03, 2021 9:47:05 PM org.openqa.selenium.remote.ProtocolHandshake createSession
INFORMACIÓN: Detected dialect: W3C
[Test worker] WARN net.thucydides.core.steps.BaseStepListener - stepFinished: current outcome:Register on Utest:Given the Utest website we look for the Join Today registration [Utest open up [Utest opens the Choucair utest page]]
[Test worker] WARN net.thucydides.core.steps.BaseStepListener - stepFinished: current outcome:Register on Utest:Given the Utest website we look for the Join Today registration [Utest open up [Utest opens the Choucair utest page]]
[Test worker] WARN net.thucydides.core.steps.BaseStepListener - stepFinished: current outcome:Register on Utest:Given the Utest website we look for the Join Today registration [Utest open up [Utest opens the Choucair utest page]]
[Test worker] WARN net.thucydides.core.steps.BaseStepListener - stepStarted: net.thucydides.core.steps.ExecutedStepDescription@266de88c
[Test worker] WARN net.thucydides.core.steps.BaseStepListener - stepStarted: net.thucydides.core.steps.ExecutedStepDescription@5209a0cf
[Test worker] WARN net.thucydides.core.steps.BaseStepListener - stepStarted: net.thucydides.core.steps.ExecutedStepDescription@5ca3e92e
[Test worker] WARN net.thucydides.core.steps.BaseStepListener - stepFinished: current outcome:Register on Utest:Given the Utest website we look for the Join Today registration [Utest open up [Utest opens the Choucair utest page]], When you enter this section you fill in the required information and save [Utest register [Utest clicks on Button that us the form to register]]
[Test worker] WARN net.thucydides.core.steps.BaseStepListener - stepStarted: net.thucydides.core.steps.ExecutedStepDescription@114e5634
[Test worker] WARN net.thucydides.core.steps.BaseStepListener - stepFinished: current outcome:Register on Utest:Given the Utest website we look for the Join Today registration [Utest open up [Utest opens the Choucair utest page]], When you enter this section you fill in the required information and save [Utest register [Utest clicks on Button that us the form to register, Utest enters 'nombrePruebas' into Where do we write the first name]]
[Test worker] WARN net.thucydides.core.steps.BaseStepListener - stepStarted: net.thucydides.core.steps.ExecutedStepDescription@75eb7537
[Test worker] WARN net.thucydides.core.steps.BaseStepListener - stepFinished: current outcome:Register on Utest:Given the Utest website we look for the Join Today registration [Utest open up [Utest opens the Choucair utest page]], When you enter this section you fill in the required information and save [Utest register [Utest clicks on Button that us the form to register, Utest enters 'nombrePruebas' into Where do we write the first name, Utest enters 'apellidoPruebas' into Where do we write the last name]]
[Test worker] WARN net.thucydides.core.steps.BaseStepListener - stepStarted: net.thucydides.core.steps.ExecutedStepDescription@29ee590e
[Test worker] WARN net.thucydides.core.steps.BaseStepListener - stepFinished: current outcome:Register on Utest:Given the Utest website we look for the Join Today registration [Utest open up [Utest opens the Choucair utest page]], When you enter this section you fill in the required information and save [Utest register [Utest clicks on Button that us the form to register, Utest enters 'nombrePruebas' into Where do we write the first name, Utest enters 'apellidoPruebas' into Where do we write the last name, Utest enters 'hansel@correo.com' into Where do we write the email]]
[Test worker] WARN net.thucydides.core.steps.BaseStepListener - stepStarted: net.thucydides.core.steps.ExecutedStepDescription@2c261f4e
[Test worker] WARN net.thucydides.core.steps.BaseStepListener - stepFinished: current outcome:Register on Utest:Given the Utest website we look for the Join Today registration [Utest open up [Utest opens the Choucair utest page]], When you enter this section you fill in the required information and save [Utest register [Utest clicks on Button that us the form to register, Utest enters 'nombrePruebas' into Where do we write the first name, Utest enters 'apellidoPruebas' into Where do we write the last name, Utest enters 'hansel@correo.com' into Where do we write the email, Utest selects number:12 in [By.id: birthMonth]]]
[Test worker] WARN net.thucydides.core.steps.BaseStepListener - stepStarted: net.thucydides.core.steps.ExecutedStepDescription@679f960a
[Test worker] WARN net.thucydides.core.steps.BaseStepListener - stepFinished: current outcome:Register on Utest:Given the Utest website we look for the Join Today registration [Utest open up [Utest opens the Choucair utest page]], When you enter this section you fill in the required information and save [Utest register [Utest clicks on Button that us the form to register, Utest enters 'nombrePruebas' into Where do we write the first name, Utest enters 'apellidoPruebas' into Where do we write the last name, Utest enters 'hansel@correo.com' into Where do we write the email, Utest selects number:12 in [By.id: birthMonth], Utest selects number:2 in [By.id: birthDay]]]
[Test worker] WARN net.thucydides.core.steps.BaseStepListener - stepStarted: net.thucydides.core.steps.ExecutedStepDescription@4276a81f
[Test worker] WARN net.thucydides.core.steps.BaseStepListener - stepFinished: current outcome:Register on Utest:Given the Utest website we look for the Join Today registration [Utest open up [Utest opens the Choucair utest page]], When you enter this section you fill in the required information and save [Utest register [Utest clicks on Button that us the form to register, Utest enters 'nombrePruebas' into Where do we write the first name, Utest enters 'apellidoPruebas' into Where do we write the last name, Utest enters 'hansel@correo.com' into Where do we write the email, Utest selects number:12 in [By.id: birthMonth], Utest selects number:2 in [By.id: birthDay], Utest selects number:1987 in [By.id: birthYear]]]
[Test worker] WARN net.thucydides.core.steps.BaseStepListener - stepStarted: net.thucydides.core.steps.ExecutedStepDescription@6c4f5a69
[Test worker] WARN net.thucydides.core.steps.BaseStepListener - stepFinished: current outcome:Register on Utest:Given the Utest website we look for the Join Today registration [Utest open up [Utest opens the Choucair utest page]], When you enter this section you fill in the required information and save [Utest register [Utest clicks on Button that us the form to register, Utest enters 'nombrePruebas' into Where do we write the first name, Utest enters 'apellidoPruebas' into Where do we write the last name, Utest enters 'hansel@correo.com' into Where do we write the email, Utest selects number:12 in [By.id: birthMonth], Utest selects number:2 in [By.id: birthDay], Utest selects number:1987 in [By.id: birthYear], Utest clicks on Next previus page]]
[Test worker] WARN net.thucydides.core.steps.BaseStepListener - stepStarted: net.thucydides.core.steps.ExecutedStepDescription@39662063
[Test worker] WARN net.thucydides.core.steps.BaseStepListener - stepFinished: current outcome:Register on Utest:Given the Utest website we look for the Join Today registration [Utest open up [Utest opens the Choucair utest page]], When you enter this section you fill in the required information and save [Utest register [Utest clicks on Button that us the form to register, Utest enters 'nombrePruebas' into Where do we write the first name, Utest enters 'apellidoPruebas' into Where do we write the last name, Utest enters 'hansel@correo.com' into Where do we write the email, Utest selects number:12 in [By.id: birthMonth], Utest selects number:2 in [By.id: birthDay], Utest selects number:1987 in [By.id: birthYear], Utest clicks on Next previus page, Utest clicks on Where do we write the city]]
[Test worker] WARN net.thucydides.core.steps.BaseStepListener - stepStarted: net.thucydides.core.steps.ExecutedStepDescription@2e6a609
[Test worker] WARN net.thucydides.core.steps.BaseStepListener - stepFinished: current outcome:Register on Utest:Given the Utest website we look for the Join Today registration [Utest open up [Utest opens the Choucair utest page]], When you enter this section you fill in the required information and save [Utest register [Utest clicks on Button that us the form to register, Utest enters 'nombrePruebas' into Where do we write the first name, Utest enters 'apellidoPruebas' into Where do we write the last name, Utest enters 'hansel@correo.com' into Where do we write the email, Utest selects number:12 in [By.id: birthMonth], Utest selects number:2 in [By.id: birthDay], Utest selects number:1987 in [By.id: birthYear], Utest clicks on Next previus page, Utest clicks on Where do we write the city, Utest enters '705030' into Where do we write the zip code]]
[Test worker] WARN net.thucydides.core.steps.BaseStepListener - stepStarted: net.thucydides.core.steps.ExecutedStepDescription@6f2b8ccc
[Test worker] WARN net.thucydides.core.steps.BaseStepListener - stepFinished: current outcome:Register on Utest:Given the Utest website we look for the Join Today registration [Utest open up [Utest opens the Choucair utest page]], When you enter this section you fill in the required information and save [Utest register [Utest clicks on Button that us the form to register, Utest enters 'nombrePruebas' into Where do we write the first name, Utest enters 'apellidoPruebas' into Where do we write the last name, Utest enters 'hansel@correo.com' into Where do we write the email, Utest selects number:12 in [By.id: birthMonth], Utest selects number:2 in [By.id: birthDay], Utest selects number:1987 in [By.id: birthYear], Utest clicks on Next previus page, Utest clicks on Where do we write the city, Utest enters '705030' into Where do we write the zip code, Utest clicks on Next previus page]]
[Test worker] WARN net.thucydides.core.steps.BaseStepListener - stepStarted: net.thucydides.core.steps.ExecutedStepDescription@198d8c12
[Test worker] WARN net.thucydides.core.steps.BaseStepListener - stepFinished: current outcome:Register on Utest:Given the Utest website we look for the Join Today registration [Utest open up [Utest opens the Choucair utest page]], When you enter this section you fill in the required information and save [Utest register [Utest clicks on Button that us the form to register, Utest enters 'nombrePruebas' into Where do we write the first name, Utest enters 'apellidoPruebas' into Where do we write the last name, Utest enters 'hansel@correo.com' into Where do we write the email, Utest selects number:12 in [By.id: birthMonth], Utest selects number:2 in [By.id: birthDay], Utest selects number:1987 in [By.id: birthYear], Utest clicks on Next previus page, Utest clicks on Where do we write the city, Utest enters '705030' into Where do we write the zip code, Utest clicks on Next previus page, Utest clicks on Next previus page]]
[Test worker] WARN net.thucydides.core.steps.BaseStepListener - stepStarted: net.thucydides.core.steps.ExecutedStepDescription@3347a96d
[Test worker] WARN net.thucydides.core.steps.BaseStepListener - stepFinished: current outcome:Register on Utest:Given the Utest website we look for the Join Today registration [Utest open up [Utest opens the Choucair utest page]], When you enter this section you fill in the required information and save [Utest register [Utest clicks on Button that us the form to register, Utest enters 'nombrePruebas' into Where do we write the first name, Utest enters 'apellidoPruebas' into Where do we write the last name, Utest enters 'hansel@correo.com' into Where do we write the email, Utest selects number:12 in [By.id: birthMonth], Utest selects number:2 in [By.id: birthDay], Utest selects number:1987 in [By.id: birthYear], Utest clicks on Next previus page, Utest clicks on Where do we write the city, Utest enters '705030' into Where do we write the zip code, Utest clicks on Next previus page, Utest clicks on Next previus page, Utest enters 'Mm@123456.' into Where do we write the password]]
[Test worker] WARN net.thucydides.core.steps.BaseStepListener - stepStarted: net.thucydides.core.steps.ExecutedStepDescription@179cf5d0
[Test worker] WARN net.thucydides.core.steps.BaseStepListener - stepFinished: current outcome:Register on Utest:Given the Utest website we look for the Join Today registration [Utest open up [Utest opens the Choucair utest page]], When you enter this section you fill in the required information and save [Utest register [Utest clicks on Button that us the form to register, Utest enters 'nombrePruebas' into Where do we write the first name, Utest enters 'apellidoPruebas' into Where do we write the last name, Utest enters 'hansel@correo.com' into Where do we write the email, Utest selects number:12 in [By.id: birthMonth], Utest selects number:2 in [By.id: birthDay], Utest selects number:1987 in [By.id: birthYear], Utest clicks on Next previus page, Utest clicks on Where do we write the city, Utest enters '705030' into Where do we write the zip code, Utest clicks on Next previus page, Utest clicks on Next previus page, Utest enters 'Mm@123456.' into Where do we write the password, Utest enters 'Mm@123456.' into Where do we rewrite the password]]
[Test worker] WARN net.thucydides.core.steps.BaseStepListener - stepStarted: net.thucydides.core.steps.ExecutedStepDescription@da36ced
[Test worker] WARN net.thucydides.core.steps.BaseStepListener - stepFinished: current outcome:Register on Utest:Given the Utest website we look for the Join Today registration [Utest open up [Utest opens the Choucair utest page]], When you enter this section you fill in the required information and save [Utest register [Utest clicks on Button that us the form to register, Utest enters 'nombrePruebas' into Where do we write the first name, Utest enters 'apellidoPruebas' into Where do we write the last name, Utest enters 'hansel@correo.com' into Where do we write the email, Utest selects number:12 in [By.id: birthMonth], Utest selects number:2 in [By.id: birthDay], Utest selects number:1987 in [By.id: birthYear], Utest clicks on Next previus page, Utest clicks on Where do we write the city, Utest enters '705030' into Where do we write the zip code, Utest clicks on Next previus page, Utest clicks on Next previus page, Utest enters 'Mm@123456.' into Where do we write the password, Utest enters 'Mm@123456.' into Where do we rewrite the password, Utest clicks on confirm the terms]]
[Test worker] WARN net.thucydides.core.steps.BaseStepListener - stepStarted: net.thucydides.core.steps.ExecutedStepDescription@791e17bb
[Test worker] WARN net.thucydides.core.steps.BaseStepListener - stepFinished: current outcome:Register on Utest:Given the Utest website we look for the Join Today registration [Utest open up [Utest opens the Choucair utest page]], When you enter this section you fill in the required information and save [Utest register [Utest clicks on Button that us the form to register, Utest enters 'nombrePruebas' into Where do we write the first name, Utest enters 'apellidoPruebas' into Where do we write the last name, Utest enters 'hansel@correo.com' into Where do we write the email, Utest selects number:12 in [By.id: birthMonth], Utest selects number:2 in [By.id: birthDay], Utest selects number:1987 in [By.id: birthYear], Utest clicks on Next previus page, Utest clicks on Where do we write the city, Utest enters '705030' into Where do we write the zip code, Utest clicks on Next previus page, Utest clicks on Next previus page, Utest enters 'Mm@123456.' into Where do we write the password, Utest enters 'Mm@123456.' into Where do we rewrite the password, Utest clicks on confirm the terms, Utest clicks on confirm the privacy]]
[Test worker] WARN net.thucydides.core.steps.BaseStepListener - stepStarted: net.thucydides.core.steps.ExecutedStepDescription@9eedf3d
[Test worker] WARN net.thucydides.core.steps.BaseStepListener - stepFinished: current outcome:Register on Utest:Given the Utest website we look for the Join Today registration [Utest open up [Utest opens the Choucair utest page]], When you enter this section you fill in the required information and save [Utest register [Utest clicks on Button that us the form to register, Utest enters 'nombrePruebas' into Where do we write the first name, Utest enters 'apellidoPruebas' into Where do we write the last name, Utest enters 'hansel@correo.com' into Where do we write the email, Utest selects number:12 in [By.id: birthMonth], Utest selects number:2 in [By.id: birthDay], Utest selects number:1987 in [By.id: birthYear], Utest clicks on Next previus page, Utest clicks on Where do we write the city, Utest enters '705030' into Where do we write the zip code, Utest clicks on Next previus page, Utest clicks on Next previus page, Utest enters 'Mm@123456.' into Where do we write the password, Utest enters 'Mm@123456.' into Where do we rewrite the password, Utest clicks on confirm the terms, Utest clicks on confirm the privacy, Utest clicks on Save]]
[Test worker] WARN net.thucydides.core.steps.BaseStepListener - stepFinished: current outcome:Register on Utest:Given the Utest website we look for the Join Today registration [Utest open up [Utest opens the Choucair utest page]], When you enter this section you fill in the required information and save [Utest register [Utest clicks on Button that us the form to register, Utest enters 'nombrePruebas' into Where do we write the first name, Utest enters 'apellidoPruebas' into Where do we write the last name, Utest enters 'hansel@correo.com' into Where do we write the email, Utest selects number:12 in [By.id: birthMonth], Utest selects number:2 in [By.id: birthDay], Utest selects number:1987 in [By.id: birthYear], Utest clicks on Next previus page, Utest clicks on Where do we write the city, Utest enters '705030' into Where do we write the zip code, Utest clicks on Next previus page, Utest clicks on Next previus page, Utest enters 'Mm@123456.' into Where do we write the password, Utest enters 'Mm@123456.' into Where do we rewrite the password, Utest clicks on confirm the terms, Utest clicks on confirm the privacy, Utest clicks on Save]]
[Test worker] WARN net.thucydides.core.steps.BaseStepListener - stepFinished: current outcome:Register on Utest:Given the Utest website we look for the Join Today registration [Utest open up [Utest opens the Choucair utest page]], When you enter this section you fill in the required information and save [Utest register [Utest clicks on Button that us the form to register, Utest enters 'nombrePruebas' into Where do we write the first name, Utest enters 'apellidoPruebas' into Where do we write the last name, Utest enters 'hansel@correo.com' into Where do we write the email, Utest selects number:12 in [By.id: birthMonth], Utest selects number:2 in [By.id: birthDay], Utest selects number:1987 in [By.id: birthYear], Utest clicks on Next previus page, Utest clicks on Where do we write the city, Utest enters '705030' into Where do we write the zip code, Utest clicks on Next previus page, Utest clicks on Next previus page, Utest enters 'Mm@123456.' into Where do we write the password, Utest enters 'Mm@123456.' into Where do we rewrite the password, Utest clicks on confirm the terms, Utest clicks on confirm the privacy, Utest clicks on Save]]
[Test worker] WARN net.thucydides.core.steps.BaseStepListener - stepStarted: net.thucydides.core.steps.ExecutedStepDescription@1f2f5f99
[Test worker] WARN net.thucydides.core.steps.BaseStepListener - stepStarted: net.thucydides.core.steps.ExecutedStepDescription@440ce00b
[Test worker] WARN net.thucydides.core.steps.BaseStepListener - stepStarted: net.thucydides.core.steps.ExecutedStepDescription@608e1ca2
[Test worker] WARN net.thucydides.core.steps.BaseStepListener - stepFinished: current outcome:Register on Utest:Given the Utest website we look for the Join Today registration [Utest open up [Utest opens the Choucair utest page]], When you enter this section you fill in the required information and save [Utest register [Utest clicks on Button that us the form to register, Utest enters 'nombrePruebas' into Where do we write the first name, Utest enters 'apellidoPruebas' into Where do we write the last name, Utest enters 'hansel@correo.com' into Where do we write the email, Utest selects number:12 in [By.id: birthMonth], Utest selects number:2 in [By.id: birthDay], Utest selects number:1987 in [By.id: birthYear], Utest clicks on Next previus page, Utest clicks on Where do we write the city, Utest enters '705030' into Where do we write the zip code, Utest clicks on Next previus page, Utest clicks on Next previus page, Utest enters 'Mm@123456.' into Where do we write the password, Utest enters 'Mm@123456.' into Where do we rewrite the password, Utest clicks on confirm the terms, Utest clicks on confirm the privacy, Utest clicks on Save]], Then this stores the user to then be able to access and use the services of the platform [Utest return home [Utest opens the Choucair home page]]
[Test worker] WARN net.thucydides.core.steps.BaseStepListener - stepFinished: current outcome:Register on Utest:Given the Utest website we look for the Join Today registration [Utest open up [Utest opens the Choucair utest page]], When you enter this section you fill in the required information and save [Utest register [Utest clicks on Button that us the form to register, Utest enters 'nombrePruebas' into Where do we write the first name, Utest enters 'apellidoPruebas' into Where do we write the last name, Utest enters 'hansel@correo.com' into Where do we write the email, Utest selects number:12 in [By.id: birthMonth], Utest selects number:2 in [By.id: birthDay], Utest selects number:1987 in [By.id: birthYear], Utest clicks on Next previus page, Utest clicks on Where do we write the city, Utest enters '705030' into Where do we write the zip code, Utest clicks on Next previus page, Utest clicks on Next previus page, Utest enters 'Mm@123456.' into Where do we write the password, Utest enters 'Mm@123456.' into Where do we rewrite the password, Utest clicks on confirm the terms, Utest clicks on confirm the privacy, Utest clicks on Save]], Then this stores the user to then be able to access and use the services of the platform [Utest return home [Utest opens the Choucair home page]]
[Test worker] WARN net.thucydides.core.steps.BaseStepListener - stepFinished: current outcome:Register on Utest:Given the Utest website we look for the Join Today registration [Utest open up [Utest opens the Choucair utest page]], When you enter this section you fill in the required information and save [Utest register [Utest clicks on Button that us the form to register, Utest enters 'nombrePruebas' into Where do we write the first name, Utest enters 'apellidoPruebas' into Where do we write the last name, Utest enters 'hansel@correo.com' into Where do we write the email, Utest selects number:12 in [By.id: birthMonth], Utest selects number:2 in [By.id: birthDay], Utest selects number:1987 in [By.id: birthYear], Utest clicks on Next previus page, Utest clicks on Where do we write the city, Utest enters '705030' into Where do we write the zip code, Utest clicks on Next previus page, Utest clicks on Next previus page, Utest enters 'Mm@123456.' into Where do we write the password, Utest enters 'Mm@123456.' into Where do we rewrite the password, Utest clicks on confirm the terms, Utest clicks on confirm the privacy, Utest clicks on Save]], Then this stores the user to then be able to access and use the services of the platform [Utest return home [Utest opens the Choucair home page]]
[Test worker] WARN net.thucydides.core.steps.BaseStepListener - testFinished: Register on Utest:Given the Utest website we look for the Join Today registration [Utest open up [Utest opens the Choucair utest page]], When you enter this section you fill in the required information and save [Utest register [Utest clicks on Button that us the form to register, Utest enters 'nombrePruebas' into Where do we write the first name, Utest enters 'apellidoPruebas' into Where do we write the last name, Utest enters 'hansel@correo.com' into Where do we write the email, Utest selects number:12 in [By.id: birthMonth], Utest selects number:2 in [By.id: birthDay], Utest selects number:1987 in [By.id: birthYear], Utest clicks on Next previus page, Utest clicks on Where do we write the city, Utest enters '705030' into Where do we write the zip code, Utest clicks on Next previus page, Utest clicks on Next previus page, Utest enters 'Mm@123456.' into Where do we write the password, Utest enters 'Mm@123456.' into Where do we rewrite the password, Utest clicks on confirm the terms, Utest clicks on confirm the privacy, Utest clicks on Save]], Then this stores the user to then be able to access and use the services of the platform [Utest return home [Utest opens the Choucair home page]]
[Test worker] WARN net.thucydides.core.steps.BaseStepListener - TestOutcomes: [Register on Utest:Given the Utest website we look for the Join Today registration [Utest open up [Utest opens the Choucair utest page]], When you enter this section you fill in the required information and save [Utest register [Utest clicks on Button that us the form to register, Utest enters 'nombrePruebas' into Where do we write the first name, Utest enters 'apellidoPruebas' into Where do we write the last name, Utest enters 'hansel@correo.com' into Where do we write the email, Utest selects number:12 in [By.id: birthMonth], Utest selects number:2 in [By.id: birthDay], Utest selects number:1987 in [By.id: birthYear], Utest clicks on Next previus page, Utest clicks on Where do we write the city, Utest enters '705030' into Where do we write the zip code, Utest clicks on Next previus page, Utest clicks on Next previus page, Utest enters 'Mm@123456.' into Where do we write the password, Utest enters 'Mm@123456.' into Where do we rewrite the password, Utest clicks on confirm the terms, Utest clicks on confirm the privacy, Utest clicks on Save]], Then this stores the user to then be able to access and use the services of the platform [Utest return home [Utest opens the Choucair home page]]]
[Test worker] WARN net.thucydides.core.steps.BaseStepListener - Final testOutcomes: [Register on Utest:Given the Utest website we look for the Join Today registration [Utest open up [Utest opens the Choucair utest page]], When you enter this section you fill in the required information and save [Utest register [Utest clicks on Button that us the form to register, Utest enters 'nombrePruebas' into Where do we write the first name, Utest enters 'apellidoPruebas' into Where do we write the last name, Utest enters 'hansel@correo.com' into Where do we write the email, Utest selects number:12 in [By.id: birthMonth], Utest selects number:2 in [By.id: birthDay], Utest selects number:1987 in [By.id: birthYear], Utest clicks on Next previus page, Utest clicks on Where do we write the city, Utest enters '705030' into Where do we write the zip code, Utest clicks on Next previus page, Utest clicks on Next previus page, Utest enters 'Mm@123456.' into Where do we write the password, Utest enters 'Mm@123456.' into Where do we rewrite the password, Utest clicks on confirm the terms, Utest clicks on confirm the privacy, Utest clicks on Save]], Then this stores the user to then be able to access and use the services of the platform [Utest return home [Utest opens the Choucair home page]]]
[Test worker] INFO net.thucydides.core.steps.ConsoleLoggingListener - 
        __    _____ _____ ____ _____   ____   _    ____  ____  _____ ____  
  _     \ \  |_   _| ____/ ___|_   _| |  _ \ / \  / ___|/ ___|| ____|  _ \ 
 (_)_____| |   | | |  _| \___ \ | |   | |_) / _ \ \___ \\___ \|  _| | | | |
  _|_____| |   | | | |___ ___) || |   |  __/ ___ \ ___) |___) | |___| |_| |
 (_)     | |   |_| |_____|____/ |_|   |_| /_/   \_\____/|____/|_____|____/ 
        /_/                                                                

TEST PASSED: Register on Utest
----------------------------------------------------------------------------
]]></system-err>
</testsuite>
