<?xml version="1.0" encoding="UTF-8"?>
<testsuite name="Utest User Registration" tests="1" skipped="0" failures="0" errors="0" timestamp="2021-12-04T23:10:18" hostname="DESKTOP-VMTNSME" time="27.441">
  <properties/>
  <testcase name="Register on Utest" classname="Utest User Registration" time="27.441"/>
  <system-out><![CDATA[]]></system-out>
  <system-err><![CDATA[[Test worker] WARN net.thucydides.core.steps.BaseStepListener - stepStarted: net.thucydides.core.steps.ExecutedStepDescription@75040e7f
[Test worker] WARN net.thucydides.core.steps.BaseStepListener - stepStarted: net.thucydides.core.steps.ExecutedStepDescription@4cb14f52
[Test worker] WARN net.thucydides.core.steps.BaseStepListener - stepStarted: net.thucydides.core.steps.ExecutedStepDescription@2b59ae3a
dic 04, 2021 6:10:19 PM org.openqa.selenium.remote.DesiredCapabilities chrome
INFORMACIÓN: Using `new ChromeOptions()` is preferred to `DesiredCapabilities.chrome()`
[Test worker] INFO net.serenitybdd.core.webdriver.driverproviders.ProvideNewDriver - Instantiating driver
[Test worker] INFO net.serenitybdd.core.webdriver.driverproviders.ProvideNewDriver - Driver capabilities: Capabilities {acceptInsecureCerts: false, browserName: chrome, chrome.switches: --start-maximized, goog:chromeOptions: {args: [--start-maximized], extensions: []}, loggingPrefs: org.openqa.selenium.logging..., platform: ANY, version: }
Starting ChromeDriver 96.0.4664.45 (76e4c1bb2ab4671b8beba3444e61c0f17584b2fc-refs/branch-heads/4664@{#947}) on port 40327
Only local connections are allowed.
Please see https://chromedriver.chromium.org/security-considerations for suggestions on keeping ChromeDriver safe.
ChromeDriver was started successfully.
dic 04, 2021 6:10:22 PM org.openqa.selenium.remote.ProtocolHandshake createSession
INFORMACIÓN: Detected dialect: W3C
[Test worker] WARN net.thucydides.core.steps.BaseStepListener - stepFinished: current outcome:Register on Utest:Given the Utest website we look for the Join Today registration
| strFirstName | strLastName | strEmail | strMonth | strDay | strYear | strLanguage | strCity | strZipCode | strCountry | strComputer | strVersion |
| Mario | Gonzalez | magodeoz@correo.com | june | 25 | 1995 | Spanish | Corozal | 705030 | Colombia | Windows | 10 | [Utest open up [Utest opens the Choucair utest page]]
[Test worker] WARN net.thucydides.core.steps.BaseStepListener - stepFinished: current outcome:Register on Utest:Given the Utest website we look for the Join Today registration
| strFirstName | strLastName | strEmail | strMonth | strDay | strYear | strLanguage | strCity | strZipCode | strCountry | strComputer | strVersion |
| Mario | Gonzalez | magodeoz@correo.com | june | 25 | 1995 | Spanish | Corozal | 705030 | Colombia | Windows | 10 | [Utest open up [Utest opens the Choucair utest page]]
[Test worker] WARN net.thucydides.core.steps.BaseStepListener - stepFinished: current outcome:Register on Utest:Given the Utest website we look for the Join Today registration
| strFirstName | strLastName | strEmail | strMonth | strDay | strYear | strLanguage | strCity | strZipCode | strCountry | strComputer | strVersion |
| Mario | Gonzalez | magodeoz@correo.com | june | 25 | 1995 | Spanish | Corozal | 705030 | Colombia | Windows | 10 | [Utest open up [Utest opens the Choucair utest page]]
[Test worker] WARN net.thucydides.core.steps.BaseStepListener - stepStarted: net.thucydides.core.steps.ExecutedStepDescription@4902bad0
[Test worker] WARN net.thucydides.core.steps.BaseStepListener - stepStarted: net.thucydides.core.steps.ExecutedStepDescription@12caa12d
[Test worker] WARN net.thucydides.core.steps.BaseStepListener - stepStarted: net.thucydides.core.steps.ExecutedStepDescription@1daa4a62
[Test worker] WARN net.thucydides.core.steps.BaseStepListener - stepFinished: current outcome:Register on Utest:Given the Utest website we look for the Join Today registration
| strFirstName | strLastName | strEmail | strMonth | strDay | strYear | strLanguage | strCity | strZipCode | strCountry | strComputer | strVersion |
| Mario | Gonzalez | magodeoz@correo.com | june | 25 | 1995 | Spanish | Corozal | 705030 | Colombia | Windows | 10 | [Utest open up [Utest opens the Choucair utest page]], When you enter this section you fill in the required information and save
| strFirstName | strLastName | strEmail | strMonth | strDay | strYear | strLanguage | strCity | strZipCode | strCountry | strComputer | strVersion |
| Mario | Gonzalez | magodeoz@correo.com | june | 25 | 1995 | Spanish | Corozal | 705030 | Colombia | Windows | 10 | [Utest register [Utest clicks on Button that us the form to register]]
[Test worker] WARN net.thucydides.core.steps.BaseStepListener - stepStarted: net.thucydides.core.steps.ExecutedStepDescription@254bef14
[Test worker] WARN net.thucydides.core.steps.BaseStepListener - stepFinished: current outcome:Register on Utest:Given the Utest website we look for the Join Today registration
| strFirstName | strLastName | strEmail | strMonth | strDay | strYear | strLanguage | strCity | strZipCode | strCountry | strComputer | strVersion |
| Mario | Gonzalez | magodeoz@correo.com | june | 25 | 1995 | Spanish | Corozal | 705030 | Colombia | Windows | 10 | [Utest open up [Utest opens the Choucair utest page]], When you enter this section you fill in the required information and save
| strFirstName | strLastName | strEmail | strMonth | strDay | strYear | strLanguage | strCity | strZipCode | strCountry | strComputer | strVersion |
| Mario | Gonzalez | magodeoz@correo.com | june | 25 | 1995 | Spanish | Corozal | 705030 | Colombia | Windows | 10 | [Utest register [Utest clicks on Button that us the form to register, Utest enters 'Mario' into Where do we write the first name]]
[Test worker] WARN net.thucydides.core.steps.BaseStepListener - stepStarted: net.thucydides.core.steps.ExecutedStepDescription@4a460d9d
[Test worker] WARN net.thucydides.core.steps.BaseStepListener - stepFinished: current outcome:Register on Utest:Given the Utest website we look for the Join Today registration
| strFirstName | strLastName | strEmail | strMonth | strDay | strYear | strLanguage | strCity | strZipCode | strCountry | strComputer | strVersion |
| Mario | Gonzalez | magodeoz@correo.com | june | 25 | 1995 | Spanish | Corozal | 705030 | Colombia | Windows | 10 | [Utest open up [Utest opens the Choucair utest page]], When you enter this section you fill in the required information and save
| strFirstName | strLastName | strEmail | strMonth | strDay | strYear | strLanguage | strCity | strZipCode | strCountry | strComputer | strVersion |
| Mario | Gonzalez | magodeoz@correo.com | june | 25 | 1995 | Spanish | Corozal | 705030 | Colombia | Windows | 10 | [Utest register [Utest clicks on Button that us the form to register, Utest enters 'Mario' into Where do we write the first name, Utest enters 'Gonzalez' into Where do we write the last name]]
[Test worker] WARN net.thucydides.core.steps.BaseStepListener - stepStarted: net.thucydides.core.steps.ExecutedStepDescription@6e4a8816
[Test worker] WARN net.thucydides.core.steps.BaseStepListener - stepFinished: current outcome:Register on Utest:Given the Utest website we look for the Join Today registration
| strFirstName | strLastName | strEmail | strMonth | strDay | strYear | strLanguage | strCity | strZipCode | strCountry | strComputer | strVersion |
| Mario | Gonzalez | magodeoz@correo.com | june | 25 | 1995 | Spanish | Corozal | 705030 | Colombia | Windows | 10 | [Utest open up [Utest opens the Choucair utest page]], When you enter this section you fill in the required information and save
| strFirstName | strLastName | strEmail | strMonth | strDay | strYear | strLanguage | strCity | strZipCode | strCountry | strComputer | strVersion |
| Mario | Gonzalez | magodeoz@correo.com | june | 25 | 1995 | Spanish | Corozal | 705030 | Colombia | Windows | 10 | [Utest register [Utest clicks on Button that us the form to register, Utest enters 'Mario' into Where do we write the first name, Utest enters 'Gonzalez' into Where do we write the last name, Utest enters 'magodeoz@correo.com' into Where do we write the email]]
[Test worker] WARN net.thucydides.core.steps.BaseStepListener - stepStarted: net.thucydides.core.steps.ExecutedStepDescription@46720215
[Test worker] WARN net.thucydides.core.steps.BaseStepListener - stepFinished: current outcome:Register on Utest:Given the Utest website we look for the Join Today registration
| strFirstName | strLastName | strEmail | strMonth | strDay | strYear | strLanguage | strCity | strZipCode | strCountry | strComputer | strVersion |
| Mario | Gonzalez | magodeoz@correo.com | june | 25 | 1995 | Spanish | Corozal | 705030 | Colombia | Windows | 10 | [Utest open up [Utest opens the Choucair utest page]], When you enter this section you fill in the required information and save
| strFirstName | strLastName | strEmail | strMonth | strDay | strYear | strLanguage | strCity | strZipCode | strCountry | strComputer | strVersion |
| Mario | Gonzalez | magodeoz@correo.com | june | 25 | 1995 | Spanish | Corozal | 705030 | Colombia | Windows | 10 | [Utest register [Utest clicks on Button that us the form to register, Utest enters 'Mario' into Where do we write the first name, Utest enters 'Gonzalez' into Where do we write the last name, Utest enters 'magodeoz@correo.com' into Where do we write the email, Utest enters 'june' into Where do we select the montn]]
[Test worker] WARN net.thucydides.core.steps.BaseStepListener - stepStarted: net.thucydides.core.steps.ExecutedStepDescription@38484d49
[Test worker] WARN net.thucydides.core.steps.BaseStepListener - stepFinished: current outcome:Register on Utest:Given the Utest website we look for the Join Today registration
| strFirstName | strLastName | strEmail | strMonth | strDay | strYear | strLanguage | strCity | strZipCode | strCountry | strComputer | strVersion |
| Mario | Gonzalez | magodeoz@correo.com | june | 25 | 1995 | Spanish | Corozal | 705030 | Colombia | Windows | 10 | [Utest open up [Utest opens the Choucair utest page]], When you enter this section you fill in the required information and save
| strFirstName | strLastName | strEmail | strMonth | strDay | strYear | strLanguage | strCity | strZipCode | strCountry | strComputer | strVersion |
| Mario | Gonzalez | magodeoz@correo.com | june | 25 | 1995 | Spanish | Corozal | 705030 | Colombia | Windows | 10 | [Utest register [Utest clicks on Button that us the form to register, Utest enters 'Mario' into Where do we write the first name, Utest enters 'Gonzalez' into Where do we write the last name, Utest enters 'magodeoz@correo.com' into Where do we write the email, Utest enters 'june' into Where do we select the montn, Utest enters '25' into Where do we select the day]]
[Test worker] WARN net.thucydides.core.steps.BaseStepListener - stepStarted: net.thucydides.core.steps.ExecutedStepDescription@3af19504
[Test worker] WARN net.thucydides.core.steps.BaseStepListener - stepFinished: current outcome:Register on Utest:Given the Utest website we look for the Join Today registration
| strFirstName | strLastName | strEmail | strMonth | strDay | strYear | strLanguage | strCity | strZipCode | strCountry | strComputer | strVersion |
| Mario | Gonzalez | magodeoz@correo.com | june | 25 | 1995 | Spanish | Corozal | 705030 | Colombia | Windows | 10 | [Utest open up [Utest opens the Choucair utest page]], When you enter this section you fill in the required information and save
| strFirstName | strLastName | strEmail | strMonth | strDay | strYear | strLanguage | strCity | strZipCode | strCountry | strComputer | strVersion |
| Mario | Gonzalez | magodeoz@correo.com | june | 25 | 1995 | Spanish | Corozal | 705030 | Colombia | Windows | 10 | [Utest register [Utest clicks on Button that us the form to register, Utest enters 'Mario' into Where do we write the first name, Utest enters 'Gonzalez' into Where do we write the last name, Utest enters 'magodeoz@correo.com' into Where do we write the email, Utest enters 'june' into Where do we select the montn, Utest enters '25' into Where do we select the day, Utest enters '1995' into Where do we select the year]]
[Test worker] WARN net.thucydides.core.steps.BaseStepListener - stepStarted: net.thucydides.core.steps.ExecutedStepDescription@d9c8e07
[Test worker] WARN net.thucydides.core.steps.BaseStepListener - stepFinished: current outcome:Register on Utest:Given the Utest website we look for the Join Today registration
| strFirstName | strLastName | strEmail | strMonth | strDay | strYear | strLanguage | strCity | strZipCode | strCountry | strComputer | strVersion |
| Mario | Gonzalez | magodeoz@correo.com | june | 25 | 1995 | Spanish | Corozal | 705030 | Colombia | Windows | 10 | [Utest open up [Utest opens the Choucair utest page]], When you enter this section you fill in the required information and save
| strFirstName | strLastName | strEmail | strMonth | strDay | strYear | strLanguage | strCity | strZipCode | strCountry | strComputer | strVersion |
| Mario | Gonzalez | magodeoz@correo.com | june | 25 | 1995 | Spanish | Corozal | 705030 | Colombia | Windows | 10 | [Utest register [Utest clicks on Button that us the form to register, Utest enters 'Mario' into Where do we write the first name, Utest enters 'Gonzalez' into Where do we write the last name, Utest enters 'magodeoz@correo.com' into Where do we write the email, Utest enters 'june' into Where do we select the montn, Utest enters '25' into Where do we select the day, Utest enters '1995' into Where do we select the year, Utest clicks on Next previus page]]
[Test worker] WARN net.thucydides.core.steps.BaseStepListener - stepStarted: net.thucydides.core.steps.ExecutedStepDescription@2eca6256
[Test worker] WARN net.thucydides.core.steps.BaseStepListener - stepFinished: current outcome:Register on Utest:Given the Utest website we look for the Join Today registration
| strFirstName | strLastName | strEmail | strMonth | strDay | strYear | strLanguage | strCity | strZipCode | strCountry | strComputer | strVersion |
| Mario | Gonzalez | magodeoz@correo.com | june | 25 | 1995 | Spanish | Corozal | 705030 | Colombia | Windows | 10 | [Utest open up [Utest opens the Choucair utest page]], When you enter this section you fill in the required information and save
| strFirstName | strLastName | strEmail | strMonth | strDay | strYear | strLanguage | strCity | strZipCode | strCountry | strComputer | strVersion |
| Mario | Gonzalez | magodeoz@correo.com | june | 25 | 1995 | Spanish | Corozal | 705030 | Colombia | Windows | 10 | [Utest register [Utest clicks on Button that us the form to register, Utest enters 'Mario' into Where do we write the first name, Utest enters 'Gonzalez' into Where do we write the last name, Utest enters 'magodeoz@correo.com' into Where do we write the email, Utest enters 'june' into Where do we select the montn, Utest enters '25' into Where do we select the day, Utest enters '1995' into Where do we select the year, Utest clicks on Next previus page, Utest enters 'Corozal' into Where do we write the city]]
[Test worker] WARN net.thucydides.core.steps.BaseStepListener - stepStarted: net.thucydides.core.steps.ExecutedStepDescription@2ac4a30c
[Test worker] WARN net.thucydides.core.steps.BaseStepListener - stepFinished: current outcome:Register on Utest:Given the Utest website we look for the Join Today registration
| strFirstName | strLastName | strEmail | strMonth | strDay | strYear | strLanguage | strCity | strZipCode | strCountry | strComputer | strVersion |
| Mario | Gonzalez | magodeoz@correo.com | june | 25 | 1995 | Spanish | Corozal | 705030 | Colombia | Windows | 10 | [Utest open up [Utest opens the Choucair utest page]], When you enter this section you fill in the required information and save
| strFirstName | strLastName | strEmail | strMonth | strDay | strYear | strLanguage | strCity | strZipCode | strCountry | strComputer | strVersion |
| Mario | Gonzalez | magodeoz@correo.com | june | 25 | 1995 | Spanish | Corozal | 705030 | Colombia | Windows | 10 | [Utest register [Utest clicks on Button that us the form to register, Utest enters 'Mario' into Where do we write the first name, Utest enters 'Gonzalez' into Where do we write the last name, Utest enters 'magodeoz@correo.com' into Where do we write the email, Utest enters 'june' into Where do we select the montn, Utest enters '25' into Where do we select the day, Utest enters '1995' into Where do we select the year, Utest clicks on Next previus page, Utest enters 'Corozal' into Where do we write the city, Utest enters '705030' into Where do we write the zip code]]
[Test worker] WARN net.thucydides.core.steps.BaseStepListener - stepStarted: net.thucydides.core.steps.ExecutedStepDescription@5dfa1c96
[Test worker] WARN net.thucydides.core.steps.BaseStepListener - stepFinished: current outcome:Register on Utest:Given the Utest website we look for the Join Today registration
| strFirstName | strLastName | strEmail | strMonth | strDay | strYear | strLanguage | strCity | strZipCode | strCountry | strComputer | strVersion |
| Mario | Gonzalez | magodeoz@correo.com | june | 25 | 1995 | Spanish | Corozal | 705030 | Colombia | Windows | 10 | [Utest open up [Utest opens the Choucair utest page]], When you enter this section you fill in the required information and save
| strFirstName | strLastName | strEmail | strMonth | strDay | strYear | strLanguage | strCity | strZipCode | strCountry | strComputer | strVersion |
| Mario | Gonzalez | magodeoz@correo.com | june | 25 | 1995 | Spanish | Corozal | 705030 | Colombia | Windows | 10 | [Utest register [Utest clicks on Button that us the form to register, Utest enters 'Mario' into Where do we write the first name, Utest enters 'Gonzalez' into Where do we write the last name, Utest enters 'magodeoz@correo.com' into Where do we write the email, Utest enters 'june' into Where do we select the montn, Utest enters '25' into Where do we select the day, Utest enters '1995' into Where do we select the year, Utest clicks on Next previus page, Utest enters 'Corozal' into Where do we write the city, Utest enters '705030' into Where do we write the zip code, Utest enters 'Colombia' into Select the country]]
[Test worker] WARN net.thucydides.core.steps.BaseStepListener - stepStarted: net.thucydides.core.steps.ExecutedStepDescription@2e6a609
[Test worker] WARN net.thucydides.core.steps.BaseStepListener - stepFinished: current outcome:Register on Utest:Given the Utest website we look for the Join Today registration
| strFirstName | strLastName | strEmail | strMonth | strDay | strYear | strLanguage | strCity | strZipCode | strCountry | strComputer | strVersion |
| Mario | Gonzalez | magodeoz@correo.com | june | 25 | 1995 | Spanish | Corozal | 705030 | Colombia | Windows | 10 | [Utest open up [Utest opens the Choucair utest page]], When you enter this section you fill in the required information and save
| strFirstName | strLastName | strEmail | strMonth | strDay | strYear | strLanguage | strCity | strZipCode | strCountry | strComputer | strVersion |
| Mario | Gonzalez | magodeoz@correo.com | june | 25 | 1995 | Spanish | Corozal | 705030 | Colombia | Windows | 10 | [Utest register [Utest clicks on Button that us the form to register, Utest enters 'Mario' into Where do we write the first name, Utest enters 'Gonzalez' into Where do we write the last name, Utest enters 'magodeoz@correo.com' into Where do we write the email, Utest enters 'june' into Where do we select the montn, Utest enters '25' into Where do we select the day, Utest enters '1995' into Where do we select the year, Utest clicks on Next previus page, Utest enters 'Corozal' into Where do we write the city, Utest enters '705030' into Where do we write the zip code, Utest enters 'Colombia' into Select the country, Utest clicks on Next previus page]]
[Test worker] WARN net.thucydides.core.steps.BaseStepListener - stepFinished: current outcome:Register on Utest:Given the Utest website we look for the Join Today registration
| strFirstName | strLastName | strEmail | strMonth | strDay | strYear | strLanguage | strCity | strZipCode | strCountry | strComputer | strVersion |
| Mario | Gonzalez | magodeoz@correo.com | june | 25 | 1995 | Spanish | Corozal | 705030 | Colombia | Windows | 10 | [Utest open up [Utest opens the Choucair utest page]], When you enter this section you fill in the required information and save
| strFirstName | strLastName | strEmail | strMonth | strDay | strYear | strLanguage | strCity | strZipCode | strCountry | strComputer | strVersion |
| Mario | Gonzalez | magodeoz@correo.com | june | 25 | 1995 | Spanish | Corozal | 705030 | Colombia | Windows | 10 | [Utest register [Utest clicks on Button that us the form to register, Utest enters 'Mario' into Where do we write the first name, Utest enters 'Gonzalez' into Where do we write the last name, Utest enters 'magodeoz@correo.com' into Where do we write the email, Utest enters 'june' into Where do we select the montn, Utest enters '25' into Where do we select the day, Utest enters '1995' into Where do we select the year, Utest clicks on Next previus page, Utest enters 'Corozal' into Where do we write the city, Utest enters '705030' into Where do we write the zip code, Utest enters 'Colombia' into Select the country, Utest clicks on Next previus page]]
[Test worker] WARN net.thucydides.core.steps.BaseStepListener - stepFinished: current outcome:Register on Utest:Given the Utest website we look for the Join Today registration
| strFirstName | strLastName | strEmail | strMonth | strDay | strYear | strLanguage | strCity | strZipCode | strCountry | strComputer | strVersion |
| Mario | Gonzalez | magodeoz@correo.com | june | 25 | 1995 | Spanish | Corozal | 705030 | Colombia | Windows | 10 | [Utest open up [Utest opens the Choucair utest page]], When you enter this section you fill in the required information and save
| strFirstName | strLastName | strEmail | strMonth | strDay | strYear | strLanguage | strCity | strZipCode | strCountry | strComputer | strVersion |
| Mario | Gonzalez | magodeoz@correo.com | june | 25 | 1995 | Spanish | Corozal | 705030 | Colombia | Windows | 10 | [Utest register [Utest clicks on Button that us the form to register, Utest enters 'Mario' into Where do we write the first name, Utest enters 'Gonzalez' into Where do we write the last name, Utest enters 'magodeoz@correo.com' into Where do we write the email, Utest enters 'june' into Where do we select the montn, Utest enters '25' into Where do we select the day, Utest enters '1995' into Where do we select the year, Utest clicks on Next previus page, Utest enters 'Corozal' into Where do we write the city, Utest enters '705030' into Where do we write the zip code, Utest enters 'Colombia' into Select the country, Utest clicks on Next previus page]]
[Test worker] WARN net.thucydides.core.steps.BaseStepListener - stepStarted: net.thucydides.core.steps.ExecutedStepDescription@1b01e68
[Test worker] WARN net.thucydides.core.steps.BaseStepListener - stepStarted: net.thucydides.core.steps.ExecutedStepDescription@6196035c
[Test worker] WARN net.thucydides.core.steps.BaseStepListener - stepStarted: net.thucydides.core.steps.ExecutedStepDescription@1e52799d
[Test worker] WARN net.thucydides.core.steps.BaseStepListener - stepFinished: current outcome:Register on Utest:Given the Utest website we look for the Join Today registration
| strFirstName | strLastName | strEmail | strMonth | strDay | strYear | strLanguage | strCity | strZipCode | strCountry | strComputer | strVersion |
| Mario | Gonzalez | magodeoz@correo.com | june | 25 | 1995 | Spanish | Corozal | 705030 | Colombia | Windows | 10 | [Utest open up [Utest opens the Choucair utest page]], When you enter this section you fill in the required information and save
| strFirstName | strLastName | strEmail | strMonth | strDay | strYear | strLanguage | strCity | strZipCode | strCountry | strComputer | strVersion |
| Mario | Gonzalez | magodeoz@correo.com | june | 25 | 1995 | Spanish | Corozal | 705030 | Colombia | Windows | 10 | [Utest register [Utest clicks on Button that us the form to register, Utest enters 'Mario' into Where do we write the first name, Utest enters 'Gonzalez' into Where do we write the last name, Utest enters 'magodeoz@correo.com' into Where do we write the email, Utest enters 'june' into Where do we select the montn, Utest enters '25' into Where do we select the day, Utest enters '1995' into Where do we select the year, Utest clicks on Next previus page, Utest enters 'Corozal' into Where do we write the city, Utest enters '705030' into Where do we write the zip code, Utest enters 'Colombia' into Select the country, Utest clicks on Next previus page]], Then this stores the user to then be able to access and use the services of the platform
| strFirstName | strLastName | strEmail | strMonth | strDay | strYear | strLanguage | strCity | strZipCode | strCountry | strComputer | strVersion |
| Mario | Gonzalez | magodeoz@correo.com | june | 25 | 1995 | Spanish | Corozal | 705030 | Colombia | Windows | 10 | [Utest return home [Utest opens the Choucair home page]]
[Test worker] WARN net.thucydides.core.steps.BaseStepListener - stepFinished: current outcome:Register on Utest:Given the Utest website we look for the Join Today registration
| strFirstName | strLastName | strEmail | strMonth | strDay | strYear | strLanguage | strCity | strZipCode | strCountry | strComputer | strVersion |
| Mario | Gonzalez | magodeoz@correo.com | june | 25 | 1995 | Spanish | Corozal | 705030 | Colombia | Windows | 10 | [Utest open up [Utest opens the Choucair utest page]], When you enter this section you fill in the required information and save
| strFirstName | strLastName | strEmail | strMonth | strDay | strYear | strLanguage | strCity | strZipCode | strCountry | strComputer | strVersion |
| Mario | Gonzalez | magodeoz@correo.com | june | 25 | 1995 | Spanish | Corozal | 705030 | Colombia | Windows | 10 | [Utest register [Utest clicks on Button that us the form to register, Utest enters 'Mario' into Where do we write the first name, Utest enters 'Gonzalez' into Where do we write the last name, Utest enters 'magodeoz@correo.com' into Where do we write the email, Utest enters 'june' into Where do we select the montn, Utest enters '25' into Where do we select the day, Utest enters '1995' into Where do we select the year, Utest clicks on Next previus page, Utest enters 'Corozal' into Where do we write the city, Utest enters '705030' into Where do we write the zip code, Utest enters 'Colombia' into Select the country, Utest clicks on Next previus page]], Then this stores the user to then be able to access and use the services of the platform
| strFirstName | strLastName | strEmail | strMonth | strDay | strYear | strLanguage | strCity | strZipCode | strCountry | strComputer | strVersion |
| Mario | Gonzalez | magodeoz@correo.com | june | 25 | 1995 | Spanish | Corozal | 705030 | Colombia | Windows | 10 | [Utest return home [Utest opens the Choucair home page]]
[Test worker] WARN net.thucydides.core.steps.BaseStepListener - stepFinished: current outcome:Register on Utest:Given the Utest website we look for the Join Today registration
| strFirstName | strLastName | strEmail | strMonth | strDay | strYear | strLanguage | strCity | strZipCode | strCountry | strComputer | strVersion |
| Mario | Gonzalez | magodeoz@correo.com | june | 25 | 1995 | Spanish | Corozal | 705030 | Colombia | Windows | 10 | [Utest open up [Utest opens the Choucair utest page]], When you enter this section you fill in the required information and save
| strFirstName | strLastName | strEmail | strMonth | strDay | strYear | strLanguage | strCity | strZipCode | strCountry | strComputer | strVersion |
| Mario | Gonzalez | magodeoz@correo.com | june | 25 | 1995 | Spanish | Corozal | 705030 | Colombia | Windows | 10 | [Utest register [Utest clicks on Button that us the form to register, Utest enters 'Mario' into Where do we write the first name, Utest enters 'Gonzalez' into Where do we write the last name, Utest enters 'magodeoz@correo.com' into Where do we write the email, Utest enters 'june' into Where do we select the montn, Utest enters '25' into Where do we select the day, Utest enters '1995' into Where do we select the year, Utest clicks on Next previus page, Utest enters 'Corozal' into Where do we write the city, Utest enters '705030' into Where do we write the zip code, Utest enters 'Colombia' into Select the country, Utest clicks on Next previus page]], Then this stores the user to then be able to access and use the services of the platform
| strFirstName | strLastName | strEmail | strMonth | strDay | strYear | strLanguage | strCity | strZipCode | strCountry | strComputer | strVersion |
| Mario | Gonzalez | magodeoz@correo.com | june | 25 | 1995 | Spanish | Corozal | 705030 | Colombia | Windows | 10 | [Utest return home [Utest opens the Choucair home page]]
[Test worker] WARN net.thucydides.core.steps.BaseStepListener - testFinished: Register on Utest:Given the Utest website we look for the Join Today registration
| strFirstName | strLastName | strEmail | strMonth | strDay | strYear | strLanguage | strCity | strZipCode | strCountry | strComputer | strVersion |
| Mario | Gonzalez | magodeoz@correo.com | june | 25 | 1995 | Spanish | Corozal | 705030 | Colombia | Windows | 10 | [Utest open up [Utest opens the Choucair utest page]], When you enter this section you fill in the required information and save
| strFirstName | strLastName | strEmail | strMonth | strDay | strYear | strLanguage | strCity | strZipCode | strCountry | strComputer | strVersion |
| Mario | Gonzalez | magodeoz@correo.com | june | 25 | 1995 | Spanish | Corozal | 705030 | Colombia | Windows | 10 | [Utest register [Utest clicks on Button that us the form to register, Utest enters 'Mario' into Where do we write the first name, Utest enters 'Gonzalez' into Where do we write the last name, Utest enters 'magodeoz@correo.com' into Where do we write the email, Utest enters 'june' into Where do we select the montn, Utest enters '25' into Where do we select the day, Utest enters '1995' into Where do we select the year, Utest clicks on Next previus page, Utest enters 'Corozal' into Where do we write the city, Utest enters '705030' into Where do we write the zip code, Utest enters 'Colombia' into Select the country, Utest clicks on Next previus page]], Then this stores the user to then be able to access and use the services of the platform
| strFirstName | strLastName | strEmail | strMonth | strDay | strYear | strLanguage | strCity | strZipCode | strCountry | strComputer | strVersion |
| Mario | Gonzalez | magodeoz@correo.com | june | 25 | 1995 | Spanish | Corozal | 705030 | Colombia | Windows | 10 | [Utest return home [Utest opens the Choucair home page]]
[Test worker] WARN net.thucydides.core.steps.BaseStepListener - TestOutcomes: [Register on Utest:Given the Utest website we look for the Join Today registration
| strFirstName | strLastName | strEmail | strMonth | strDay | strYear | strLanguage | strCity | strZipCode | strCountry | strComputer | strVersion |
| Mario | Gonzalez | magodeoz@correo.com | june | 25 | 1995 | Spanish | Corozal | 705030 | Colombia | Windows | 10 | [Utest open up [Utest opens the Choucair utest page]], When you enter this section you fill in the required information and save
| strFirstName | strLastName | strEmail | strMonth | strDay | strYear | strLanguage | strCity | strZipCode | strCountry | strComputer | strVersion |
| Mario | Gonzalez | magodeoz@correo.com | june | 25 | 1995 | Spanish | Corozal | 705030 | Colombia | Windows | 10 | [Utest register [Utest clicks on Button that us the form to register, Utest enters 'Mario' into Where do we write the first name, Utest enters 'Gonzalez' into Where do we write the last name, Utest enters 'magodeoz@correo.com' into Where do we write the email, Utest enters 'june' into Where do we select the montn, Utest enters '25' into Where do we select the day, Utest enters '1995' into Where do we select the year, Utest clicks on Next previus page, Utest enters 'Corozal' into Where do we write the city, Utest enters '705030' into Where do we write the zip code, Utest enters 'Colombia' into Select the country, Utest clicks on Next previus page]], Then this stores the user to then be able to access and use the services of the platform
| strFirstName | strLastName | strEmail | strMonth | strDay | strYear | strLanguage | strCity | strZipCode | strCountry | strComputer | strVersion |
| Mario | Gonzalez | magodeoz@correo.com | june | 25 | 1995 | Spanish | Corozal | 705030 | Colombia | Windows | 10 | [Utest return home [Utest opens the Choucair home page]]]
[Test worker] WARN net.thucydides.core.steps.BaseStepListener - Final testOutcomes: [Register on Utest:Given the Utest website we look for the Join Today registration
| strFirstName | strLastName | strEmail | strMonth | strDay | strYear | strLanguage | strCity | strZipCode | strCountry | strComputer | strVersion |
| Mario | Gonzalez | magodeoz@correo.com | june | 25 | 1995 | Spanish | Corozal | 705030 | Colombia | Windows | 10 | [Utest open up [Utest opens the Choucair utest page]], When you enter this section you fill in the required information and save
| strFirstName | strLastName | strEmail | strMonth | strDay | strYear | strLanguage | strCity | strZipCode | strCountry | strComputer | strVersion |
| Mario | Gonzalez | magodeoz@correo.com | june | 25 | 1995 | Spanish | Corozal | 705030 | Colombia | Windows | 10 | [Utest register [Utest clicks on Button that us the form to register, Utest enters 'Mario' into Where do we write the first name, Utest enters 'Gonzalez' into Where do we write the last name, Utest enters 'magodeoz@correo.com' into Where do we write the email, Utest enters 'june' into Where do we select the montn, Utest enters '25' into Where do we select the day, Utest enters '1995' into Where do we select the year, Utest clicks on Next previus page, Utest enters 'Corozal' into Where do we write the city, Utest enters '705030' into Where do we write the zip code, Utest enters 'Colombia' into Select the country, Utest clicks on Next previus page]], Then this stores the user to then be able to access and use the services of the platform
| strFirstName | strLastName | strEmail | strMonth | strDay | strYear | strLanguage | strCity | strZipCode | strCountry | strComputer | strVersion |
| Mario | Gonzalez | magodeoz@correo.com | june | 25 | 1995 | Spanish | Corozal | 705030 | Colombia | Windows | 10 | [Utest return home [Utest opens the Choucair home page]]]
[Test worker] INFO net.thucydides.core.steps.ConsoleLoggingListener - 
        __    _____ _____ ____ _____   ____   _    ____  ____  _____ ____  
  _     \ \  |_   _| ____/ ___|_   _| |  _ \ / \  / ___|/ ___|| ____|  _ \ 
 (_)_____| |   | | |  _| \___ \ | |   | |_) / _ \ \___ \\___ \|  _| | | | |
  _|_____| |   | | | |___ ___) || |   |  __/ ___ \ ___) |___) | |___| |_| |
 (_)     | |   |_| |_____|____/ |_|   |_| /_/   \_\____/|____/|_____|____/ 
        /_/                                                                

TEST PASSED: Register on Utest
----------------------------------------------------------------------------
]]></system-err>
</testsuite>
